<?xml version="1.0" encoding="UTF-8"?>
<testng-results skipped="0" failed="0" ignored="0" total="1" passed="1">
  <reporter-output>
  </reporter-output>
  <suite name="Suite" duration-ms="37704" started-at="2019-01-26T02:07:31Z" finished-at="2019-01-26T02:08:09Z">
    <groups>
    </groups>
    <test name="Test" duration-ms="37704" started-at="2019-01-26T02:07:31Z" finished-at="2019-01-26T02:08:09Z">
      <class name="gmail.GMailTest">
        <test-method status="PASS" signature="testSendEmail()[pri:0, instance:gmail.GMailTest@47f6473]" name="testSendEmail" duration-ms="37670" started-at="2019-01-26T02:07:31Z" finished-at="2019-01-26T02:08:09Z">
          <reporter-output>
          </reporter-output>
        </test-method> <!-- testSendEmail -->
      </class> <!-- gmail.GMailTest -->
    </test> <!-- Test -->
  </suite> <!-- Suite -->
</testng-results>
