<?xml version="1.0" encoding="UTF-8"?>
<testng-results skipped="0" failed="0" ignored="0" total="1" passed="1">
  <reporter-output>
  </reporter-output>
  <suite name="Suite" duration-ms="94377" started-at="2019-01-31T02:27:17Z" finished-at="2019-01-31T02:28:52Z">
    <groups>
    </groups>
    <test name="Test" duration-ms="94377" started-at="2019-01-31T02:27:17Z" finished-at="2019-01-31T02:28:52Z">
      <class name="gmail.GMailTest">
        <test-method status="PASS" signature="setExtent()[pri:0, instance:gmail.GMailTest@553f17c]" name="setExtent" is-config="true" duration-ms="210" started-at="2019-01-31T02:27:17Z" finished-at="2019-01-31T02:27:18Z">
          <reporter-output>
          </reporter-output>
        </test-method> <!-- setExtent -->
        <test-method status="PASS" signature="testSendEmail()[pri:0, instance:gmail.GMailTest@553f17c]" name="testSendEmail" duration-ms="91211" started-at="2019-01-31T02:27:18Z" finished-at="2019-01-31T02:28:49Z">
          <reporter-output>
          </reporter-output>
        </test-method> <!-- testSendEmail -->
        <test-method status="PASS" signature="tearDown(org.testng.ITestResult)[pri:0, instance:gmail.GMailTest@553f17c]" name="tearDown" is-config="true" duration-ms="1477" started-at="2019-01-31T02:28:49Z" finished-at="2019-01-31T02:28:50Z">
          <params>
            <param index="0">
              <value>
                <![CDATA[[TestResult name=testSendEmail status=SUCCESS method=GMailTest.testSendEmail()[pri:0, instance:gmail.GMailTest@553f17c] output={null}]]]>
              </value>
            </param>
          </params>
          <reporter-output>
          </reporter-output>
        </test-method> <!-- tearDown -->
        <test-method status="PASS" signature="endReport()[pri:0, instance:gmail.GMailTest@553f17c]" name="endReport" is-config="true" duration-ms="1456" started-at="2019-01-31T02:28:50Z" finished-at="2019-01-31T02:28:52Z">
          <reporter-output>
          </reporter-output>
        </test-method> <!-- endReport -->
      </class> <!-- gmail.GMailTest -->
    </test> <!-- Test -->
  </suite> <!-- Suite -->
</testng-results>
